<?xml version="1.0" encoding="UTF-8"?>
<!-- Generated by org.testng.reporters.JUnitReportReporter -->
<testsuite hostname="Nexsoft" failures="0" tests="10" name="com.nexsoft.phptravels_ujian04.TestRegisterFunctionality" time="26.671" errors="0" timestamp="2022-06-17T16:10:20 WIB" skipped="0">
  <testcase classname="com.nexsoft.phptravels_ujian04.TestRegisterFunctionality" name="testRegister_tipedata_Sesuai" time="3.496"/>
  <system-out>
    <![CDATA[<img src='file://D:\EclipseWorkSpace\Day20_PHPTravels_UjianM04\screenshot\20220617_160948.png'height="500" width="1200"/>]]>
  </system-out>
  <testcase classname="com.nexsoft.phptravels_ujian04.TestRegisterFunctionality" name="testRegister_Pass_and_repeatPassword_notSame_with_SameAccInformationSame" time="2.605"/>
  <system-out>
    <![CDATA[<img src='file://D:\EclipseWorkSpace\Day20_PHPTravels_UjianM04\screenshot\20220617_160951.png'height="500" width="1200"/>]]>
  </system-out>
  <testcase classname="com.nexsoft.phptravels_ujian04.TestRegisterFunctionality" name="testRegister_firstName_and_lastName_notStringh_with_SameAccInformationSame" time="2.583"/>
  <system-out>
    <![CDATA[<img src='file://D:\EclipseWorkSpace\Day20_PHPTravels_UjianM04\screenshot\20220617_160954.png'height="500" width="1200"/>]]>
  </system-out>
  <testcase classname="com.nexsoft.phptravels_ujian04.TestRegisterFunctionality" name="testRegister_phone_and_zipCode_notNumber_with_SameAccInformationSame" time="2.626"/>
  <system-out>
    <![CDATA[<img src='file://D:\EclipseWorkSpace\Day20_PHPTravels_UjianM04\screenshot\20220617_160956.png'height="500" width="1200"/>]]>
  </system-out>
  <testcase classname="com.nexsoft.phptravels_ujian04.TestRegisterFunctionality" name="testRegister_city_and_state_notvalid_with_SameAccInformationSame" time="2.620"/>
  <system-out>
    <![CDATA[<img src='file://D:\EclipseWorkSpace\Day20_PHPTravels_UjianM04\screenshot\20220617_160959.png'height="500" width="1200"/>]]>
  </system-out>
  <testcase classname="com.nexsoft.phptravels_ujian04.TestRegisterFunctionality" name="testRegister_Pass_and_repeatPassword_notSame" time="2.568"/>
  <system-out>
    <![CDATA[<img src='file://D:\EclipseWorkSpace\Day20_PHPTravels_UjianM04\screenshot\20220617_161001.png'height="500" width="1200"/>]]>
  </system-out>
  <testcase classname="com.nexsoft.phptravels_ujian04.TestRegisterFunctionality" name="testRegister_firstName_and_lastName_notString" time="2.568"/>
  <system-out>
    <![CDATA[<img src='file://D:\EclipseWorkSpace\Day20_PHPTravels_UjianM04\screenshot\20220617_161004.png'height="500" width="1200"/>]]>
  </system-out>
  <testcase classname="com.nexsoft.phptravels_ujian04.TestRegisterFunctionality" name="testRegister_phone_and_zipCode_notNumber" time="2.553"/>
  <system-out>
    <![CDATA[<img src='file://D:\EclipseWorkSpace\Day20_PHPTravels_UjianM04\screenshot\20220617_161007.png'height="500" width="1200"/>]]>
  </system-out>
  <testcase classname="com.nexsoft.phptravels_ujian04.TestRegisterFunctionality" name="testRegister_city_and_state_notvalid" time="2.734"/>
  <system-out>
    <![CDATA[<img src='file://D:\EclipseWorkSpace\Day20_PHPTravels_UjianM04\screenshot\20220617_161009.png'height="500" width="1200"/>]]>
  </system-out>
  <testcase classname="com.nexsoft.phptravels_ujian04.TestRegisterFunctionality" name="testRegister_Data_Null" time="2.318"/>
  <system-out>
    <![CDATA[<img src='file://D:\EclipseWorkSpace\Day20_PHPTravels_UjianM04\screenshot\20220617_161012.png'height="500" width="1200"/>]]>
  </system-out>
</testsuite> <!-- com.nexsoft.phptravels_ujian04.TestRegisterFunctionality -->
