<?xml version="1.0" encoding="UTF-8"?>
<!-- Generated by org.testng.reporters.JUnitReportReporter -->
<testsuite hostname="Nexsoft" failures="0" tests="5" name="com.nexsoft.phptravels_ujian04.TestLoginFunctionality" time="7.987" errors="0" timestamp="2022-06-17T16:10:20 WIB" skipped="0">
  <testcase classname="com.nexsoft.phptravels_ujian04.TestLoginFunctionality" name="testLogout_after_Login" time="2.473"/>
  <system-out>
    <![CDATA[<img src='file://D:\EclipseWorkSpace\Day20_PHPTravels_UjianM04\screenshot\20220617_161014.png'height="500" width="1200"/>]]>
  </system-out>
  <testcase classname="com.nexsoft.phptravels_ujian04.TestLoginFunctionality" name="testLogin_With_Valid_User_and_unValidPassword" time="1.493"/>
  <system-out>
    <![CDATA[<img src='file://D:\EclipseWorkSpace\Day20_PHPTravels_UjianM04\screenshot\20220617_161016.png'height="500" width="1200"/>]]>
  </system-out>
  <testcase classname="com.nexsoft.phptravels_ujian04.TestLoginFunctionality" name="testLogin_With_unValid_User_and_ValidPassword" time="1.263"/>
  <system-out>
    <![CDATA[<img src='file://D:\EclipseWorkSpace\Day20_PHPTravels_UjianM04\screenshot\20220617_161017.png'height="500" width="1200"/>]]>
  </system-out>
  <testcase classname="com.nexsoft.phptravels_ujian04.TestLoginFunctionality" name="testLogin_With_Null_User_and_ValidPassword" time="1.273"/>
  <system-out>
    <![CDATA[<img src='file://D:\EclipseWorkSpace\Day20_PHPTravels_UjianM04\screenshot\20220617_161018.png'height="500" width="1200"/>]]>
  </system-out>
  <testcase classname="com.nexsoft.phptravels_ujian04.TestLoginFunctionality" name="testLogin_with_Valid_User_and_Password" time="1.485"/>
  <system-out>
    <![CDATA[<img src='file://D:\EclipseWorkSpace\Day20_PHPTravels_UjianM04\screenshot\20220617_161020.png'height="500" width="1200"/>]]>
  </system-out>
</testsuite> <!-- com.nexsoft.phptravels_ujian04.TestLoginFunctionality -->
