<?xml version="1.0" encoding="UTF-8"?>
<!-- Generated by org.testng.reporters.JUnitReportReporter -->
<testsuite hostname="Nexsoft" failures="0" tests="5" name="com.nexsoft.cicool.TestLoginFunctionality" time="12.237" errors="0" timestamp="2022-06-15T22:23:33 WIB" skipped="0">
  <testcase classname="com.nexsoft.cicool.TestLoginFunctionality" name="testLogin_with_Valid_User_and_Password" time="3.046"/>
  <system-out>
    <![CDATA[<img src='file://C:\nexsoft\Day20_CicoolPOM_Tugas\screenshot\20220615_222324.png'height="500" width="1200"/>]]>
  </system-out>
  <testcase classname="com.nexsoft.cicool.TestLoginFunctionality" name="testLogin_With_ValidUser_and_WrongPassword" time="2.969"/>
  <system-out>
    <![CDATA[<img src='file://C:\nexsoft\Day20_CicoolPOM_Tugas\screenshot\20220615_222327.png'height="500" width="1200"/>]]>
  </system-out>
  <testcase classname="com.nexsoft.cicool.TestLoginFunctionality" name="testLogin_With_WrongValid_User_and_ValidPassword" time="2.300"/>
  <system-out>
    <![CDATA[<img src='file://C:\nexsoft\Day20_CicoolPOM_Tugas\screenshot\20220615_222329.png'height="500" width="1200"/>]]>
  </system-out>
  <testcase classname="com.nexsoft.cicool.TestLoginFunctionality" name="testLogin_With_Null_User_and_Password" time="2.123"/>
  <system-out>
    <![CDATA[<img src='file://C:\nexsoft\Day20_CicoolPOM_Tugas\screenshot\20220615_222331.png'height="500" width="1200"/>]]>
  </system-out>
  <testcase classname="com.nexsoft.cicool.TestLoginFunctionality" name="testForgot_Password" time="1.799"/>
  <system-out>
    <![CDATA[<img src='file://C:\nexsoft\Day20_CicoolPOM_Tugas\screenshot\20220615_222333.png'height="500" width="1200"/>]]>
  </system-out>
</testsuite> <!-- com.nexsoft.cicool.TestLoginFunctionality -->
