<?xml version="1.0" encoding="UTF-8"?>
<!-- Generated by org.testng.reporters.JUnitReportReporter -->
<testsuite hostname="Nexsoft" failures="0" tests="5" name="com.nexsoft.cicool.TestLoginUser" time="9.084" errors="0" timestamp="2022-06-15T19:11:19 WIB" skipped="0">
  <testcase classname="com.nexsoft.cicool.TestLoginUser" name="testLogin_with_Valid_User_and_Password" time="2.702"/>
  <system-out/>
  <testcase classname="com.nexsoft.cicool.TestLoginUser" name="testLogin_With_ValidUser_and_WrongPassword" time="2.386"/>
  <system-out/>
  <testcase classname="com.nexsoft.cicool.TestLoginUser" name="testLogin_With_WrongValid_User_and_ValidPassword" time="1.503"/>
  <system-out/>
  <testcase classname="com.nexsoft.cicool.TestLoginUser" name="testLogin_With_Null_User_and_Password" time="1.415"/>
  <system-out/>
  <testcase classname="com.nexsoft.cicool.TestLoginUser" name="testForgot_Password" time="1.078"/>
  <system-out/>
</testsuite> <!-- com.nexsoft.cicool.TestLoginUser -->
